<?xml version="1.0" encoding="UTF-8"?>

  <testsuite name="MySuite" tests="5" errors="0" failures="2" skip="1">
    <testcase classname="MySuite" name="TestAdd" time="0.001">

    </testcase>
    <testcase classname="MySuite" name="TestDiv" time="">

      <failure type="go.error" message="error">
        <![CDATA[mmath_test.go:45:
    c.Assert(z, Equals, float64(x)/float64(y))
... obtained int = 0
... expected float64 = 0.6666666666666666
]]>
      </failure>    </testcase>
    <testcase classname="MySuite" name="TestMul" time="">
      <skipped/> 
    </testcase>
    <testcase classname="MySuite" name="TestPanic" time="">

      <failure type="go.error" message="error">
        <![CDATA[... Panic:  (PC=0x42546C)

c:/go/src/runtime/asm_amd64.s:401
  in call16
c:/go/src/runtime/panic.go:387
  in gopanic
c:/go/src/log/log.go:307
  in Panic
mmath.go:22
  in Panic
mmath_test.go:18
  in MySuite.TestPanic
c:/go/src/runtime/asm_amd64.s:401
  in call16
c:/go/src/reflect/value.go:419
  in Value.call
c:/go/src/reflect/value.go:296
  in Value.Call
c:/go/src/runtime/asm_amd64.s:2232
  in goexit]]>
      </failure>    </testcase>
    <testcase classname="MySuite" name="TestSub" time="0.000">

    </testcase>
  </testsuite>
